mode: atomic
github.com/ecshreve/jcgo/cmd/jcgo/main.go:10.13,11.22 1 0
github.com/ecshreve/jcgo/cmd/jcgo/main.go:15.2,16.16 2 0
github.com/ecshreve/jcgo/cmd/jcgo/main.go:20.2,20.56 1 0
github.com/ecshreve/jcgo/cmd/jcgo/main.go:11.22,13.3 1 0
github.com/ecshreve/jcgo/cmd/jcgo/main.go:16.16,18.3 1 0
github.com/ecshreve/jcgo/pkg/parser/helpers.go:19.65,22.20 2 8
github.com/ecshreve/jcgo/pkg/parser/helpers.go:27.2,28.16 2 6
github.com/ecshreve/jcgo/pkg/parser/helpers.go:31.2,35.16 3 4
github.com/ecshreve/jcgo/pkg/parser/helpers.go:40.2,41.66 2 4
github.com/ecshreve/jcgo/pkg/parser/helpers.go:45.2,45.21 1 2
github.com/ecshreve/jcgo/pkg/parser/helpers.go:22.20,24.3 1 2
github.com/ecshreve/jcgo/pkg/parser/helpers.go:28.16,30.3 1 2
github.com/ecshreve/jcgo/pkg/parser/helpers.go:35.16,37.3 1 0
github.com/ecshreve/jcgo/pkg/parser/helpers.go:41.66,43.3 1 2
github.com/ecshreve/jcgo/pkg/parser/helpers.go:53.68,56.17 2 3
github.com/ecshreve/jcgo/pkg/parser/helpers.go:68.2,69.16 2 2
github.com/ecshreve/jcgo/pkg/parser/helpers.go:72.2,79.29 4 2
github.com/ecshreve/jcgo/pkg/parser/helpers.go:86.2,86.18 1 2
github.com/ecshreve/jcgo/pkg/parser/helpers.go:56.17,58.3 1 0
github.com/ecshreve/jcgo/pkg/parser/helpers.go:58.8,61.20 2 3
github.com/ecshreve/jcgo/pkg/parser/helpers.go:64.3,64.21 1 2
github.com/ecshreve/jcgo/pkg/parser/helpers.go:61.20,63.4 1 1
github.com/ecshreve/jcgo/pkg/parser/helpers.go:69.16,71.3 1 0
github.com/ecshreve/jcgo/pkg/parser/helpers.go:79.29,81.17 2 9
github.com/ecshreve/jcgo/pkg/parser/helpers.go:81.17,83.4 1 0
github.com/ecshreve/jcgo/pkg/parser/helpers.go:91.55,92.23 1 5
github.com/ecshreve/jcgo/pkg/parser/helpers.go:96.2,96.23 1 4
github.com/ecshreve/jcgo/pkg/parser/helpers.go:101.2,102.33 2 3
github.com/ecshreve/jcgo/pkg/parser/helpers.go:107.2,107.46 1 3
github.com/ecshreve/jcgo/pkg/parser/helpers.go:110.2,119.52 4 3
github.com/ecshreve/jcgo/pkg/parser/helpers.go:133.2,136.33 2 3
github.com/ecshreve/jcgo/pkg/parser/helpers.go:140.2,140.16 1 3
github.com/ecshreve/jcgo/pkg/parser/helpers.go:92.23,94.3 1 1
github.com/ecshreve/jcgo/pkg/parser/helpers.go:96.23,98.3 1 1
github.com/ecshreve/jcgo/pkg/parser/helpers.go:102.33,104.3 1 29
github.com/ecshreve/jcgo/pkg/parser/helpers.go:107.46,109.3 1 76
github.com/ecshreve/jcgo/pkg/parser/helpers.go:119.52,120.29 1 13
github.com/ecshreve/jcgo/pkg/parser/helpers.go:126.3,126.12 1 13
github.com/ecshreve/jcgo/pkg/parser/helpers.go:120.29,121.29 1 127
github.com/ecshreve/jcgo/pkg/parser/helpers.go:121.29,123.10 2 3
github.com/ecshreve/jcgo/pkg/parser/helpers.go:126.12,128.4 1 10
github.com/ecshreve/jcgo/pkg/parser/helpers.go:136.33,138.3 1 29
github.com/ecshreve/jcgo/pkg/parser/helpers.go:147.38,151.2 3 1
github.com/ecshreve/jcgo/pkg/parser/parser.go:23.65,28.2 1 4
github.com/ecshreve/jcgo/pkg/parser/parser.go:32.53,36.16 3 4
github.com/ecshreve/jcgo/pkg/parser/parser.go:40.2,41.16 2 1
github.com/ecshreve/jcgo/pkg/parser/parser.go:45.2,46.16 2 1
github.com/ecshreve/jcgo/pkg/parser/parser.go:50.2,51.16 2 1
github.com/ecshreve/jcgo/pkg/parser/parser.go:55.2,55.24 1 1
github.com/ecshreve/jcgo/pkg/parser/parser.go:36.16,38.3 1 3
github.com/ecshreve/jcgo/pkg/parser/parser.go:41.16,43.3 1 0
github.com/ecshreve/jcgo/pkg/parser/parser.go:46.16,48.3 1 0
github.com/ecshreve/jcgo/pkg/parser/parser.go:51.16,53.3 1 0
github.com/ecshreve/jcgo/pkg/parser/parser.go:61.39,63.16 2 1
github.com/ecshreve/jcgo/pkg/parser/parser.go:67.2,68.12 2 1
github.com/ecshreve/jcgo/pkg/parser/parser.go:63.16,65.3 1 0
github.com/ecshreve/jcgo/pkg/parser/parser.go:73.32,74.22 1 1
github.com/ecshreve/jcgo/pkg/parser/parser.go:79.2,80.16 2 1
github.com/ecshreve/jcgo/pkg/parser/parser.go:84.2,85.12 2 1
github.com/ecshreve/jcgo/pkg/parser/parser.go:74.22,76.3 1 0
github.com/ecshreve/jcgo/pkg/parser/parser.go:80.16,82.3 1 0
github.com/ecshreve/jcgo/pkg/parser/parser.go:91.39,93.16 2 4
github.com/ecshreve/jcgo/pkg/parser/parser.go:98.2,100.12 2 1
github.com/ecshreve/jcgo/pkg/parser/parser.go:93.16,95.3 1 3
github.com/ecshreve/jcgo/pkg/parser/parser.go:109.39,111.26 1 1
github.com/ecshreve/jcgo/pkg/parser/parser.go:117.2,117.23 1 1
github.com/ecshreve/jcgo/pkg/parser/parser.go:122.2,123.16 2 1
github.com/ecshreve/jcgo/pkg/parser/parser.go:128.2,130.12 2 1
github.com/ecshreve/jcgo/pkg/parser/parser.go:111.26,113.3 1 1
github.com/ecshreve/jcgo/pkg/parser/parser.go:117.23,119.3 1 1
github.com/ecshreve/jcgo/pkg/parser/parser.go:123.16,125.3 1 0
github.com/ecshreve/jcgo/internal/object/array_object.go:16.73,19.26 2 15
github.com/ecshreve/jcgo/internal/object/array_object.go:29.2,33.8 2 14
github.com/ecshreve/jcgo/internal/object/array_object.go:19.26,21.17 2 30
github.com/ecshreve/jcgo/internal/object/array_object.go:25.3,25.27 1 29
github.com/ecshreve/jcgo/internal/object/array_object.go:21.17,23.4 1 1
github.com/ecshreve/jcgo/internal/object/array_object.go:37.47,40.29 2 14
github.com/ecshreve/jcgo/internal/object/array_object.go:55.2,55.17 1 14
github.com/ecshreve/jcgo/internal/object/array_object.go:40.29,42.17 2 28
github.com/ecshreve/jcgo/internal/object/array_object.go:48.3,48.17 1 28
github.com/ecshreve/jcgo/internal/object/array_object.go:52.3,52.35 1 28
github.com/ecshreve/jcgo/internal/object/array_object.go:42.17,44.4 1 0
github.com/ecshreve/jcgo/internal/object/array_object.go:48.17,50.4 1 14
github.com/ecshreve/jcgo/internal/object/map_object.go:18.78,22.26 3 27
github.com/ecshreve/jcgo/internal/object/map_object.go:31.2,37.8 2 26
github.com/ecshreve/jcgo/internal/object/map_object.go:22.26,25.17 3 55
github.com/ecshreve/jcgo/internal/object/map_object.go:28.3,29.25 2 54
github.com/ecshreve/jcgo/internal/object/map_object.go:25.17,27.4 1 1
github.com/ecshreve/jcgo/internal/object/map_object.go:41.45,44.35 2 26
github.com/ecshreve/jcgo/internal/object/map_object.go:81.2,81.17 1 26
github.com/ecshreve/jcgo/internal/object/map_object.go:44.35,47.17 3 54
github.com/ecshreve/jcgo/internal/object/map_object.go:53.3,53.17 1 54
github.com/ecshreve/jcgo/internal/object/map_object.go:59.3,63.23 2 28
github.com/ecshreve/jcgo/internal/object/map_object.go:72.3,73.36 2 7
github.com/ecshreve/jcgo/internal/object/map_object.go:47.17,49.4 1 0
github.com/ecshreve/jcgo/internal/object/map_object.go:53.17,55.12 2 26
github.com/ecshreve/jcgo/internal/object/map_object.go:63.23,64.34 1 21
github.com/ecshreve/jcgo/internal/object/map_object.go:67.4,67.12 1 21
github.com/ecshreve/jcgo/internal/object/map_object.go:64.34,66.5 1 21
github.com/ecshreve/jcgo/internal/object/map_object.go:73.36,74.21 1 17
github.com/ecshreve/jcgo/internal/object/map_object.go:77.4,77.41 1 17
github.com/ecshreve/jcgo/internal/object/map_object.go:74.21,76.5 1 5
github.com/ecshreve/jcgo/internal/object/object.go:15.36,17.2 1 28
github.com/ecshreve/jcgo/internal/object/object.go:20.34,21.31 1 105
github.com/ecshreve/jcgo/internal/object/object.go:24.2,25.12 2 105
github.com/ecshreve/jcgo/internal/object/object.go:21.31,23.3 1 77
github.com/ecshreve/jcgo/internal/object/object.go:37.42,37.62 1 14
github.com/ecshreve/jcgo/internal/object/object.go:38.42,38.94 1 14
github.com/ecshreve/jcgo/internal/object/object.go:39.42,39.81 1 0
github.com/ecshreve/jcgo/internal/object/object.go:43.70,44.28 1 98
github.com/ecshreve/jcgo/internal/object/object.go:45.11,46.39 1 1
github.com/ecshreve/jcgo/internal/object/object.go:47.14,48.39 1 53
github.com/ecshreve/jcgo/internal/object/object.go:49.12,50.37 1 1
github.com/ecshreve/jcgo/internal/object/object.go:51.15,52.39 1 1
github.com/ecshreve/jcgo/internal/object/object.go:53.30,55.17 2 24
github.com/ecshreve/jcgo/internal/object/object.go:58.3,58.18 1 23
github.com/ecshreve/jcgo/internal/object/object.go:59.21,61.17 2 15
github.com/ecshreve/jcgo/internal/object/object.go:64.3,64.18 1 14
github.com/ecshreve/jcgo/internal/object/object.go:65.10,66.80 1 3
github.com/ecshreve/jcgo/internal/object/object.go:55.17,57.4 1 1
github.com/ecshreve/jcgo/internal/object/object.go:61.17,63.4 1 1
github.com/ecshreve/jcgo/internal/object/object.go:77.59,82.2 1 55
github.com/ecshreve/jcgo/internal/object/object.go:85.48,90.2 1 52
github.com/ecshreve/jcgo/internal/object/object.go:99.53,104.2 1 2
github.com/ecshreve/jcgo/internal/object/object.go:107.46,112.2 1 1
github.com/ecshreve/jcgo/internal/object/object.go:121.60,126.2 1 3
github.com/ecshreve/jcgo/internal/object/object.go:135.48,139.42 3 2
github.com/ecshreve/jcgo/internal/object/object.go:145.2,148.8 1 2
github.com/ecshreve/jcgo/internal/object/object.go:139.42,141.3 1 1
github.com/ecshreve/jcgo/internal/object/object.go:141.8,143.3 1 1
